<?xml version="1.0" encoding="UTF-8"?>
<testsuite xmlns:xsi="http://www.w3.org/2001/XMLSchema-instance" xsi:noNamespaceSchemaLocation="https://maven.apache.org/surefire/maven-surefire-plugin/xsd/surefire-test-report-3.0.xsd" version="3.0" name="com.DetermineGradeTest" time="0.108" tests="4" errors="0" skipped="0" failures="0">
  <properties>
[...]
</properties>
  <testcase name="NegGradeshouldThrowException" classname="com.DetermineGradeTest" time="0.056"/>
  <testcase name="determineG" classname="com.DetermineGradeTest" time="0.003"/>
  <testcase name="Grade59shouldReturnf" classname="com.DetermineGradeTest" time="0.001"/>
  <testcase name="Grade89shouldReturnB" classname="com.DetermineGradeTest" time="0.001"/>
</testsuite>